<?xml version="1.0" encoding="UTF-8"?>
<!-- Generated by org.testng.reporters.JUnitReportReporter -->
<testsuite hostname="ShivRaj" failures="0" tests="4" name="api.test.UserTests" time="15.157" errors="0" timestamp="2024-10-01T18:20:35 IST" skipped="0">
  <testcase classname="api.test.UserTests" name="testPostUser" time="10.160"/>
  <system-out/>
  <testcase classname="api.test.UserTests" name="testGetUserByName" time="1.314"/>
  <system-out/>
  <testcase classname="api.test.UserTests" name="testUpdateUserByName" time="2.497"/>
  <system-out/>
  <testcase classname="api.test.UserTests" name="testDeleteUserByName" time="1.186"/>
  <system-out/>
</testsuite> <!-- api.test.UserTests -->
