<?xml version="1.0" encoding="UTF-8"?>
<!-- Generated by org.testng.reporters.JUnitReportReporter -->
<testsuite hostname="ShivRaj" failures="0" tests="6" name="api.test.DataDrivenTest" time="9.740" errors="0" timestamp="2024-10-01T15:05:40 IST" skipped="0">
  <testcase classname="api.test.DataDrivenTest" name="testPostUser" time="1.065"/>
  <system-out/>
  <testcase classname="api.test.DataDrivenTest" name="testPostUser" time="4.522"/>
  <system-out/>
  <testcase classname="api.test.DataDrivenTest" name="testPostUser" time="0.992"/>
  <system-out/>
  <testcase classname="api.test.DataDrivenTest" name="testDeleteUserByName" time="1.101"/>
  <system-out/>
  <testcase classname="api.test.DataDrivenTest" name="testDeleteUserByName" time="0.998"/>
  <system-out/>
  <testcase classname="api.test.DataDrivenTest" name="testDeleteUserByName" time="1.062"/>
  <system-out/>
</testsuite> <!-- api.test.DataDrivenTest -->
