<?xml version="1.0" encoding="UTF-8"?>
<!-- Generated by org.testng.reporters.JUnitReportReporter -->
<testsuite hostname="ShivRaj" failures="0" tests="4" name="api.test.UserTests" time="13.439" errors="0" timestamp="2024-10-01T17:26:51 IST" skipped="0">
  <testcase classname="api.test.UserTests" name="testPostUser" time="8.105"/>
  <system-out/>
  <testcase classname="api.test.UserTests" name="testGetUserByName" time="1.310"/>
  <system-out/>
  <testcase classname="api.test.UserTests" name="testUpdateUserByName" time="2.784"/>
  <system-out/>
  <testcase classname="api.test.UserTests" name="testDeleteUserByName" time="1.240"/>
  <system-out/>
</testsuite> <!-- api.test.UserTests -->
