<?xml version="1.0" encoding="UTF-8"?>
<!-- Generated by org.testng.reporters.JUnitReportReporter -->
<testsuite hostname="ShivRaj" failures="0" tests="4" name="api.test.UserTests" time="9.273" errors="0" timestamp="2024-10-01T18:16:41 IST" skipped="0">
  <testcase classname="api.test.UserTests" name="testPostUser" time="4.815"/>
  <system-out/>
  <testcase classname="api.test.UserTests" name="testGetUserByName" time="1.205"/>
  <system-out/>
  <testcase classname="api.test.UserTests" name="testUpdateUserByName" time="2.165"/>
  <system-out/>
  <testcase classname="api.test.UserTests" name="testDeleteUserByName" time="1.088"/>
  <system-out/>
</testsuite> <!-- api.test.UserTests -->
